2025-03-28 15:26:44,277 - DEBUG - = connection is CONNECTING
2025-03-28 15:26:44,278 - DEBUG - < GET / HTTP/1.1
2025-03-28 15:26:44,278 - DEBUG - < Host: localhost:8765
2025-03-28 15:26:44,278 - DEBUG - < Connection: Upgrade
2025-03-28 15:26:44,278 - DEBUG - < Pragma: no-cache
2025-03-28 15:26:44,278 - DEBUG - < Cache-Control: no-cache
2025-03-28 15:26:44,278 - DEBUG - < User-Agent: Mozilla/5.0 (X11; Linux x86_64) AppleWebKit/537.36 (KHTML, like Gecko) Chrome/134.0.0.0 Safari/537.36
2025-03-28 15:26:44,278 - DEBUG - < Upgrade: websocket
2025-03-28 15:26:44,278 - DEBUG - < Origin: chrome-extension://cafjnjmigiccjehajaclnkoickngmdha
2025-03-28 15:26:44,278 - DEBUG - < Sec-WebSocket-Version: 13
2025-03-28 15:26:44,278 - DEBUG - < Accept-Encoding: gzip, deflate, br, zstd
2025-03-28 15:26:44,278 - DEBUG - < Accept-Language: zh-CN,zh;q=0.9,en;q=0.8
2025-03-28 15:26:44,278 - DEBUG - < Sec-WebSocket-Key: l9JuZRAgwfJjK+Hm52HenQ==
2025-03-28 15:26:44,278 - DEBUG - < Sec-WebSocket-Extensions: permessage-deflate; client_max_window_bits
2025-03-28 15:26:44,278 - DEBUG - > HTTP/1.1 101 Switching Protocols
2025-03-28 15:26:44,278 - DEBUG - > Upgrade: websocket
2025-03-28 15:26:44,278 - DEBUG - > Connection: Upgrade
2025-03-28 15:26:44,278 - DEBUG - > Sec-WebSocket-Accept: qilgNOErIyl5iDnUaYEv2/qYj48=
2025-03-28 15:26:44,278 - DEBUG - > Sec-WebSocket-Extensions: permessage-deflate; server_max_window_bits=12; client_max_window_bits=12
2025-03-28 15:26:44,278 - DEBUG - > Date: Fri, 28 Mar 2025 07:26:44 GMT
2025-03-28 15:26:44,278 - DEBUG - > Server: Python/3.13 websockets/12.0
2025-03-28 15:26:44,279 - INFO - connection open
2025-03-28 15:26:44,279 - DEBUG - = connection is OPEN
2025-03-28 15:26:44,289 - DEBUG - = connection is CONNECTING
2025-03-28 15:26:44,293 - DEBUG - < GET / HTTP/1.1
2025-03-28 15:26:44,293 - DEBUG - < Host: localhost:8765
2025-03-28 15:26:44,293 - DEBUG - < Connection: Upgrade
2025-03-28 15:26:44,293 - DEBUG - < Pragma: no-cache
2025-03-28 15:26:44,293 - DEBUG - < Cache-Control: no-cache
2025-03-28 15:26:44,293 - DEBUG - < User-Agent: Mozilla/5.0 (X11; Linux x86_64) AppleWebKit/537.36 (KHTML, like Gecko) Chrome/134.0.0.0 Safari/537.36
2025-03-28 15:26:44,293 - DEBUG - < Upgrade: websocket
2025-03-28 15:26:44,293 - DEBUG - < Origin: chrome-extension://cafjnjmigiccjehajaclnkoickngmdha
2025-03-28 15:26:44,293 - DEBUG - < Sec-WebSocket-Version: 13
2025-03-28 15:26:44,293 - DEBUG - < Accept-Encoding: gzip, deflate, br, zstd
2025-03-28 15:26:44,293 - DEBUG - < Accept-Language: zh-CN,zh;q=0.9,en;q=0.8
2025-03-28 15:26:44,293 - DEBUG - < Sec-WebSocket-Key: m8r3mV9850uyqm0Tf/J0kw==
2025-03-28 15:26:44,293 - DEBUG - < Sec-WebSocket-Extensions: permessage-deflate; client_max_window_bits
2025-03-28 15:26:44,293 - DEBUG - > HTTP/1.1 101 Switching Protocols
2025-03-28 15:26:44,293 - DEBUG - > Upgrade: websocket
2025-03-28 15:26:44,293 - DEBUG - > Connection: Upgrade
2025-03-28 15:26:44,293 - DEBUG - > Sec-WebSocket-Accept: hHnAqYSiYyA0uRBbmI+cW+J6zv8=
2025-03-28 15:26:44,293 - DEBUG - > Sec-WebSocket-Extensions: permessage-deflate; server_max_window_bits=12; client_max_window_bits=12
2025-03-28 15:26:44,294 - DEBUG - > Date: Fri, 28 Mar 2025 07:26:44 GMT
2025-03-28 15:26:44,294 - DEBUG - > Server: Python/3.13 websockets/12.0
2025-03-28 15:26:44,294 - INFO - connection open
2025-03-28 15:26:44,294 - DEBUG - = connection is OPEN
2025-03-28 15:26:51,738 - DEBUG - < TEXT '{"img":"https://i1.hdslb.com/bfs/archive/a9478c...video-rcmd-cover.webp"}' [127 bytes]
2025-03-28 15:26:51,739 - INFO - 接收到消息: {'img': 'https://i1.hdslb.com/bfs/archive/a9478c46eac32880c9ff4a61014cc8b6adb959dc.jpg@336w_190h_1c_!web-video-rcmd-cover.webp'}
2025-03-28 15:26:51,740 - DEBUG - Starting new HTTPS connection (1): i1.hdslb.com:443
2025-03-28 15:26:51,813 - DEBUG - https://i1.hdslb.com:443 "GET /bfs/archive/a9478c46eac32880c9ff4a61014cc8b6adb959dc.jpg@336w_190h_1c_!web-video-rcmd-cover.webp HTTP/1.1" 200 19090
2025-03-28 15:26:51,814 - INFO - 请求图片数据成功
2025-03-28 15:26:51,814 - INFO - 保存图片
2025-03-28 15:26:51,815 - INFO - 复制图片到剪贴板
2025-03-28 15:26:51,821 - DEBUG - 完整图像已成功复制到剪贴板
2025-03-28 15:26:51,821 - DEBUG - > TEXT '{"status": "success"}' [21 bytes]
2025-03-28 15:26:51,821 - DEBUG - > TEXT '{"status": "no action"}' [23 bytes]
2025-03-28 15:27:04,291 - DEBUG - % sending keepalive ping
2025-03-28 15:27:04,291 - DEBUG - > PING ef 52 77 de [binary, 4 bytes]
2025-03-28 15:27:04,292 - DEBUG - < PONG ef 52 77 de [binary, 4 bytes]
2025-03-28 15:27:04,292 - DEBUG - % received keepalive pong
2025-03-28 15:27:04,295 - DEBUG - % sending keepalive ping
2025-03-28 15:27:04,295 - DEBUG - > PING 4a fb a6 9f [binary, 4 bytes]
2025-03-28 15:27:04,295 - DEBUG - < PONG 4a fb a6 9f [binary, 4 bytes]
2025-03-28 15:27:04,295 - DEBUG - % received keepalive pong
2025-03-28 15:27:24,312 - DEBUG - % sending keepalive ping
2025-03-28 15:27:24,312 - DEBUG - > PING 48 39 81 9c [binary, 4 bytes]
2025-03-28 15:27:24,312 - DEBUG - % sending keepalive ping
2025-03-28 15:27:24,312 - DEBUG - > PING b5 01 85 79 [binary, 4 bytes]
2025-03-28 15:27:24,313 - DEBUG - < PONG 48 39 81 9c [binary, 4 bytes]
2025-03-28 15:27:24,313 - DEBUG - < PONG b5 01 85 79 [binary, 4 bytes]
2025-03-28 15:27:24,313 - DEBUG - % received keepalive pong
2025-03-28 15:27:24,313 - DEBUG - % received keepalive pong
2025-03-28 15:27:44,332 - DEBUG - % sending keepalive ping
2025-03-28 15:27:44,332 - DEBUG - > PING c1 b0 8d 95 [binary, 4 bytes]
2025-03-28 15:27:44,332 - DEBUG - % sending keepalive ping
2025-03-28 15:27:44,333 - DEBUG - > PING 39 0b a4 f9 [binary, 4 bytes]
2025-03-28 15:27:44,333 - DEBUG - < PONG c1 b0 8d 95 [binary, 4 bytes]
2025-03-28 15:27:44,333 - DEBUG - < PONG 39 0b a4 f9 [binary, 4 bytes]
2025-03-28 15:27:44,333 - DEBUG - % received keepalive pong
2025-03-28 15:27:44,333 - DEBUG - % received keepalive pong
2025-03-28 15:28:04,352 - DEBUG - % sending keepalive ping
2025-03-28 15:28:04,352 - DEBUG - > PING 74 1b e2 74 [binary, 4 bytes]
2025-03-28 15:28:04,352 - DEBUG - % sending keepalive ping
2025-03-28 15:28:04,352 - DEBUG - > PING f1 c3 44 aa [binary, 4 bytes]
2025-03-28 15:28:04,353 - DEBUG - < PONG 74 1b e2 74 [binary, 4 bytes]
2025-03-28 15:28:04,353 - DEBUG - < PONG f1 c3 44 aa [binary, 4 bytes]
2025-03-28 15:28:04,353 - DEBUG - % received keepalive pong
2025-03-28 15:28:04,353 - DEBUG - % received keepalive pong
2025-03-28 15:28:13,088 - DEBUG - < TEXT '{"img":"https://i1.hdslb.com/bfs/archive/06e108...video-rcmd-cover.webp"}' [127 bytes]
2025-03-28 15:28:13,089 - INFO - 接收到消息: {'img': 'https://i1.hdslb.com/bfs/archive/06e108429c0bd45f1c2e40211c5b05b8503ab07a.jpg@336w_190h_1c_!web-video-rcmd-cover.webp'}
2025-03-28 15:28:13,089 - DEBUG - Starting new HTTPS connection (1): i1.hdslb.com:443
2025-03-28 15:28:13,160 - DEBUG - https://i1.hdslb.com:443 "GET /bfs/archive/06e108429c0bd45f1c2e40211c5b05b8503ab07a.jpg@336w_190h_1c_!web-video-rcmd-cover.webp HTTP/1.1" 200 20398
2025-03-28 15:28:13,160 - INFO - 请求图片数据成功
2025-03-28 15:28:13,160 - INFO - 保存图片
2025-03-28 15:28:13,161 - INFO - 复制图片到剪贴板
2025-03-28 15:28:13,170 - DEBUG - 完整图像已成功复制到剪贴板
2025-03-28 15:28:13,170 - DEBUG - > TEXT '{"status": "success"}' [21 bytes]
2025-03-28 15:28:13,170 - DEBUG - > TEXT '{"status": "no action"}' [23 bytes]
2025-03-28 15:28:19,915 - DEBUG - < TEXT '{"img":"https://i1.hdslb.com/bfs/archive/e42e7a...video-rcmd-cover.webp"}' [127 bytes]
2025-03-28 15:28:19,915 - INFO - 接收到消息: {'img': 'https://i1.hdslb.com/bfs/archive/e42e7a22ceef6e7d7e959a7b0daeb617a18d857d.jpg@336w_190h_1c_!web-video-rcmd-cover.webp'}
2025-03-28 15:28:19,916 - DEBUG - Starting new HTTPS connection (1): i1.hdslb.com:443
2025-03-28 15:28:19,960 - DEBUG - https://i1.hdslb.com:443 "GET /bfs/archive/e42e7a22ceef6e7d7e959a7b0daeb617a18d857d.jpg@336w_190h_1c_!web-video-rcmd-cover.webp HTTP/1.1" 200 17654
2025-03-28 15:28:19,960 - INFO - 请求图片数据成功
2025-03-28 15:28:19,960 - INFO - 保存图片
2025-03-28 15:28:19,960 - INFO - 复制图片到剪贴板
2025-03-28 15:28:19,967 - DEBUG - 完整图像已成功复制到剪贴板
2025-03-28 15:28:19,967 - DEBUG - > TEXT '{"status": "success"}' [21 bytes]
2025-03-28 15:28:19,967 - DEBUG - > TEXT '{"status": "no action"}' [23 bytes]
2025-03-28 15:28:24,357 - DEBUG - % sending keepalive ping
2025-03-28 15:28:24,357 - DEBUG - > PING b2 b8 ac 5d [binary, 4 bytes]
2025-03-28 15:28:24,358 - DEBUG - % sending keepalive ping
2025-03-28 15:28:24,358 - DEBUG - > PING 1b 8e c3 fc [binary, 4 bytes]
2025-03-28 15:28:24,358 - DEBUG - < PONG b2 b8 ac 5d [binary, 4 bytes]
2025-03-28 15:28:24,358 - DEBUG - < PONG 1b 8e c3 fc [binary, 4 bytes]
2025-03-28 15:28:24,358 - DEBUG - % received keepalive pong
2025-03-28 15:28:24,358 - DEBUG - % received keepalive pong
2025-03-28 15:28:28,132 - DEBUG - < TEXT '{"img":"https://i1.hdslb.com/bfs/archive/384e5b...video-rcmd-cover.webp"}' [127 bytes]
2025-03-28 15:28:28,132 - INFO - 接收到消息: {'img': 'https://i1.hdslb.com/bfs/archive/384e5b81f755c98e519c8c4a91e28e936194e8d7.jpg@336w_190h_1c_!web-video-rcmd-cover.webp'}
2025-03-28 15:28:28,132 - DEBUG - Starting new HTTPS connection (1): i1.hdslb.com:443
2025-03-28 15:28:28,182 - DEBUG - https://i1.hdslb.com:443 "GET /bfs/archive/384e5b81f755c98e519c8c4a91e28e936194e8d7.jpg@336w_190h_1c_!web-video-rcmd-cover.webp HTTP/1.1" 200 23828
2025-03-28 15:28:28,183 - INFO - 请求图片数据成功
2025-03-28 15:28:28,183 - INFO - 保存图片
2025-03-28 15:28:28,183 - INFO - 复制图片到剪贴板
2025-03-28 15:28:28,189 - DEBUG - 完整图像已成功复制到剪贴板
2025-03-28 15:28:28,189 - DEBUG - > TEXT '{"status": "success"}' [21 bytes]
2025-03-28 15:28:28,189 - DEBUG - > TEXT '{"status": "no action"}' [23 bytes]
2025-03-28 15:28:41,168 - DEBUG - < TEXT '{"img":"https://i1.hdslb.com/bfs/archive/384e5b...video-rcmd-cover.webp"}' [127 bytes]
2025-03-28 15:28:41,169 - INFO - 接收到消息: {'img': 'https://i1.hdslb.com/bfs/archive/384e5b81f755c98e519c8c4a91e28e936194e8d7.jpg@336w_190h_1c_!web-video-rcmd-cover.webp'}
2025-03-28 15:28:41,169 - DEBUG - Starting new HTTPS connection (1): i1.hdslb.com:443
2025-03-28 15:28:41,202 - DEBUG - https://i1.hdslb.com:443 "GET /bfs/archive/384e5b81f755c98e519c8c4a91e28e936194e8d7.jpg@336w_190h_1c_!web-video-rcmd-cover.webp HTTP/1.1" 200 23828
2025-03-28 15:28:41,202 - INFO - 请求图片数据成功
2025-03-28 15:28:41,202 - INFO - 保存图片
2025-03-28 15:28:41,202 - INFO - 复制图片到剪贴板
2025-03-28 15:28:41,207 - DEBUG - 完整图像已成功复制到剪贴板
2025-03-28 15:28:41,207 - DEBUG - > TEXT '{"status": "success"}' [21 bytes]
2025-03-28 15:28:41,207 - DEBUG - > TEXT '{"status": "no action"}' [23 bytes]
2025-03-28 15:28:44,362 - DEBUG - % sending keepalive ping
2025-03-28 15:28:44,362 - DEBUG - > PING c3 f4 95 ca [binary, 4 bytes]
2025-03-28 15:28:44,363 - DEBUG - % sending keepalive ping
2025-03-28 15:28:44,363 - DEBUG - > PING 39 17 33 d2 [binary, 4 bytes]
2025-03-28 15:28:44,363 - DEBUG - < PONG c3 f4 95 ca [binary, 4 bytes]
2025-03-28 15:28:44,363 - DEBUG - < PONG 39 17 33 d2 [binary, 4 bytes]
2025-03-28 15:28:44,363 - DEBUG - % received keepalive pong
2025-03-28 15:28:44,363 - DEBUG - % received keepalive pong
2025-03-28 15:29:04,380 - DEBUG - % sending keepalive ping
2025-03-28 15:29:04,380 - DEBUG - > PING 60 b1 44 37 [binary, 4 bytes]
2025-03-28 15:29:04,380 - DEBUG - % sending keepalive ping
2025-03-28 15:29:04,380 - DEBUG - > PING 3d 55 2e ff [binary, 4 bytes]
2025-03-28 15:29:04,380 - DEBUG - < PONG 60 b1 44 37 [binary, 4 bytes]
2025-03-28 15:29:04,380 - DEBUG - < PONG 3d 55 2e ff [binary, 4 bytes]
2025-03-28 15:29:04,381 - DEBUG - % received keepalive pong
2025-03-28 15:29:04,381 - DEBUG - % received keepalive pong
2025-03-28 15:29:24,400 - DEBUG - % sending keepalive ping
2025-03-28 15:29:24,400 - DEBUG - > PING 2d d6 4f ea [binary, 4 bytes]
2025-03-28 15:29:24,400 - DEBUG - % sending keepalive ping
2025-03-28 15:29:24,400 - DEBUG - > PING ef cf f6 20 [binary, 4 bytes]
2025-03-28 15:29:24,401 - DEBUG - < PONG 2d d6 4f ea [binary, 4 bytes]
2025-03-28 15:29:24,401 - DEBUG - < PONG ef cf f6 20 [binary, 4 bytes]
2025-03-28 15:29:24,401 - DEBUG - % received keepalive pong
2025-03-28 15:29:24,401 - DEBUG - % received keepalive pong
2025-03-28 15:29:44,420 - DEBUG - % sending keepalive ping
2025-03-28 15:29:44,420 - DEBUG - > PING 85 75 75 54 [binary, 4 bytes]
2025-03-28 15:29:44,420 - DEBUG - % sending keepalive ping
2025-03-28 15:29:44,421 - DEBUG - > PING 0a fb 8c 00 [binary, 4 bytes]
2025-03-28 15:29:44,421 - DEBUG - < PONG 85 75 75 54 [binary, 4 bytes]
2025-03-28 15:29:44,421 - DEBUG - < PONG 0a fb 8c 00 [binary, 4 bytes]
2025-03-28 15:29:44,421 - DEBUG - % received keepalive pong
2025-03-28 15:29:44,421 - DEBUG - % received keepalive pong
2025-03-28 15:30:04,434 - DEBUG - % sending keepalive ping
2025-03-28 15:30:04,434 - DEBUG - > PING f8 03 d1 c4 [binary, 4 bytes]
2025-03-28 15:30:04,435 - DEBUG - % sending keepalive ping
2025-03-28 15:30:04,435 - DEBUG - > PING 0e 21 e7 5d [binary, 4 bytes]
2025-03-28 15:30:04,435 - DEBUG - < PONG f8 03 d1 c4 [binary, 4 bytes]
2025-03-28 15:30:04,435 - DEBUG - < PONG 0e 21 e7 5d [binary, 4 bytes]
2025-03-28 15:30:04,435 - DEBUG - % received keepalive pong
2025-03-28 15:30:04,435 - DEBUG - % received keepalive pong
2025-03-28 15:30:24,455 - DEBUG - % sending keepalive ping
2025-03-28 15:30:24,455 - DEBUG - > PING 04 c5 78 b3 [binary, 4 bytes]
2025-03-28 15:30:24,456 - DEBUG - % sending keepalive ping
2025-03-28 15:30:24,456 - DEBUG - > PING dc fd 9e 27 [binary, 4 bytes]
2025-03-28 15:30:24,456 - DEBUG - < PONG 04 c5 78 b3 [binary, 4 bytes]
2025-03-28 15:30:24,456 - DEBUG - < PONG dc fd 9e 27 [binary, 4 bytes]
2025-03-28 15:30:24,456 - DEBUG - % received keepalive pong
2025-03-28 15:30:24,456 - DEBUG - % received keepalive pong
2025-03-28 15:30:44,475 - DEBUG - % sending keepalive ping
2025-03-28 15:30:44,475 - DEBUG - > PING c5 83 fe f4 [binary, 4 bytes]
2025-03-28 15:30:44,475 - DEBUG - % sending keepalive ping
2025-03-28 15:30:44,475 - DEBUG - > PING 0f 62 fa 4e [binary, 4 bytes]
2025-03-28 15:30:44,476 - DEBUG - < PONG c5 83 fe f4 [binary, 4 bytes]
2025-03-28 15:30:44,476 - DEBUG - < PONG 0f 62 fa 4e [binary, 4 bytes]
2025-03-28 15:30:44,476 - DEBUG - % received keepalive pong
2025-03-28 15:30:44,476 - DEBUG - % received keepalive pong
2025-03-28 15:31:04,495 - DEBUG - % sending keepalive ping
2025-03-28 15:31:04,495 - DEBUG - > PING cf e3 75 39 [binary, 4 bytes]
2025-03-28 15:31:04,495 - DEBUG - % sending keepalive ping
2025-03-28 15:31:04,495 - DEBUG - > PING 38 cb fb b4 [binary, 4 bytes]
2025-03-28 15:31:04,496 - DEBUG - < PONG cf e3 75 39 [binary, 4 bytes]
2025-03-28 15:31:04,496 - DEBUG - < PONG 38 cb fb b4 [binary, 4 bytes]
2025-03-28 15:31:04,496 - DEBUG - % received keepalive pong
2025-03-28 15:31:04,496 - DEBUG - % received keepalive pong
2025-03-28 15:31:17,759 - DEBUG - < TEXT '{"img":"https://i1.hdslb.com/bfs/archive/d8c2ae...video-rcmd-cover.webp"}' [127 bytes]
2025-03-28 15:31:17,759 - INFO - 接收到消息: {'img': 'https://i1.hdslb.com/bfs/archive/d8c2ae9e7670d32b23a0eeb039044a51b1f2684a.jpg@336w_190h_1c_!web-video-rcmd-cover.webp'}
2025-03-28 15:31:17,759 - DEBUG - Starting new HTTPS connection (1): i1.hdslb.com:443
2025-03-28 15:31:17,799 - DEBUG - https://i1.hdslb.com:443 "GET /bfs/archive/d8c2ae9e7670d32b23a0eeb039044a51b1f2684a.jpg@336w_190h_1c_!web-video-rcmd-cover.webp HTTP/1.1" 200 10808
2025-03-28 15:31:17,802 - INFO - 请求图片数据成功
2025-03-28 15:31:17,803 - INFO - 保存图片
2025-03-28 15:31:17,803 - INFO - 复制图片到剪贴板
2025-03-28 15:31:17,808 - DEBUG - 完整图像已成功复制到剪贴板
2025-03-28 15:31:17,808 - DEBUG - > TEXT '{"status": "success"}' [21 bytes]
2025-03-28 15:31:17,808 - DEBUG - > TEXT '{"status": "no action"}' [23 bytes]
2025-03-28 15:31:24,503 - DEBUG - % sending keepalive ping
2025-03-28 15:31:24,503 - DEBUG - > PING 01 a2 38 ec [binary, 4 bytes]
2025-03-28 15:31:24,503 - DEBUG - % sending keepalive ping
2025-03-28 15:31:24,503 - DEBUG - > PING 'VQҎ' [text, 4 bytes]
2025-03-28 15:31:24,504 - DEBUG - < PONG 01 a2 38 ec [binary, 4 bytes]
2025-03-28 15:31:24,504 - DEBUG - < PONG 'VQҎ' [text, 4 bytes]
2025-03-28 15:31:24,504 - DEBUG - % received keepalive pong
2025-03-28 15:31:24,504 - DEBUG - % received keepalive pong
2025-03-28 15:31:36,315 - DEBUG - < TEXT '{"img":"https://i1.hdslb.com/bfs/archive/5863b1...video-rcmd-cover.webp"}' [127 bytes]
2025-03-28 15:31:36,315 - INFO - 接收到消息: {'img': 'https://i1.hdslb.com/bfs/archive/5863b1cef5dafae221d9b0e60f7766bc29ba5f0b.jpg@336w_190h_1c_!web-video-rcmd-cover.webp'}
2025-03-28 15:31:36,315 - DEBUG - Starting new HTTPS connection (1): i1.hdslb.com:443
2025-03-28 15:31:36,389 - DEBUG - https://i1.hdslb.com:443 "GET /bfs/archive/5863b1cef5dafae221d9b0e60f7766bc29ba5f0b.jpg@336w_190h_1c_!web-video-rcmd-cover.webp HTTP/1.1" 200 20000
2025-03-28 15:31:36,389 - INFO - 请求图片数据成功
2025-03-28 15:31:36,389 - INFO - 保存图片
2025-03-28 15:31:36,389 - INFO - 复制图片到剪贴板
2025-03-28 15:31:36,396 - DEBUG - 完整图像已成功复制到剪贴板
2025-03-28 15:31:36,396 - DEBUG - > TEXT '{"status": "success"}' [21 bytes]
2025-03-28 15:31:36,397 - DEBUG - > TEXT '{"status": "no action"}' [23 bytes]
2025-03-28 15:31:44,513 - DEBUG - % sending keepalive ping
2025-03-28 15:31:44,513 - DEBUG - > PING 9b 4c 08 92 [binary, 4 bytes]
2025-03-28 15:31:44,513 - DEBUG - % sending keepalive ping
2025-03-28 15:31:44,514 - DEBUG - > PING de d8 aa ac [binary, 4 bytes]
2025-03-28 15:31:44,514 - DEBUG - < PONG 9b 4c 08 92 [binary, 4 bytes]
2025-03-28 15:31:44,514 - DEBUG - < PONG de d8 aa ac [binary, 4 bytes]
2025-03-28 15:31:44,514 - DEBUG - % received keepalive pong
2025-03-28 15:31:44,514 - DEBUG - % received keepalive pong
2025-03-28 15:32:04,534 - DEBUG - % sending keepalive ping
2025-03-28 15:32:04,534 - DEBUG - > PING 72 eb 61 36 [binary, 4 bytes]
2025-03-28 15:32:04,534 - DEBUG - % sending keepalive ping
2025-03-28 15:32:04,534 - DEBUG - > PING 0b 96 1f 28 [binary, 4 bytes]
2025-03-28 15:32:04,535 - DEBUG - < PONG 72 eb 61 36 [binary, 4 bytes]
2025-03-28 15:32:04,535 - DEBUG - < PONG 0b 96 1f 28 [binary, 4 bytes]
2025-03-28 15:32:04,535 - DEBUG - % received keepalive pong
2025-03-28 15:32:04,535 - DEBUG - % received keepalive pong
2025-03-28 15:32:24,554 - DEBUG - % sending keepalive ping
2025-03-28 15:32:24,554 - DEBUG - > PING 4b 53 f3 ed [binary, 4 bytes]
2025-03-28 15:32:24,554 - DEBUG - % sending keepalive ping
2025-03-28 15:32:24,554 - DEBUG - > PING c7 76 7b 49 [binary, 4 bytes]
2025-03-28 15:32:24,555 - DEBUG - < PONG 4b 53 f3 ed [binary, 4 bytes]
2025-03-28 15:32:24,555 - DEBUG - % received keepalive pong
2025-03-28 15:32:24,555 - DEBUG - < PONG c7 76 7b 49 [binary, 4 bytes]
2025-03-28 15:32:24,555 - DEBUG - % received keepalive pong
2025-03-28 15:32:44,569 - DEBUG - % sending keepalive ping
2025-03-28 15:32:44,569 - DEBUG - > PING '\x15UY|' [text, 4 bytes]
2025-03-28 15:32:44,569 - DEBUG - % sending keepalive ping
2025-03-28 15:32:44,569 - DEBUG - > PING d3 4b fa 43 [binary, 4 bytes]
2025-03-28 15:32:44,569 - DEBUG - < PONG '\x15UY|' [text, 4 bytes]
2025-03-28 15:32:44,569 - DEBUG - < PONG d3 4b fa 43 [binary, 4 bytes]
2025-03-28 15:32:44,569 - DEBUG - % received keepalive pong
2025-03-28 15:32:44,569 - DEBUG - % received keepalive pong
2025-03-28 15:33:04,589 - DEBUG - % sending keepalive ping
2025-03-28 15:33:04,589 - DEBUG - > PING 58 ee d5 18 [binary, 4 bytes]
2025-03-28 15:33:04,589 - DEBUG - % sending keepalive ping
2025-03-28 15:33:04,590 - DEBUG - > PING 14 db ef a2 [binary, 4 bytes]
2025-03-28 15:33:04,590 - DEBUG - < PONG 58 ee d5 18 [binary, 4 bytes]
2025-03-28 15:33:04,590 - DEBUG - < PONG 14 db ef a2 [binary, 4 bytes]
2025-03-28 15:33:04,590 - DEBUG - % received keepalive pong
2025-03-28 15:33:04,590 - DEBUG - % received keepalive pong
2025-03-28 15:33:24,610 - DEBUG - % sending keepalive ping
2025-03-28 15:33:24,610 - DEBUG - > PING 4c 5c a0 94 [binary, 4 bytes]
2025-03-28 15:33:24,610 - DEBUG - % sending keepalive ping
2025-03-28 15:33:24,610 - DEBUG - > PING 48 f2 4e 89 [binary, 4 bytes]
2025-03-28 15:33:24,611 - DEBUG - < PONG 4c 5c a0 94 [binary, 4 bytes]
2025-03-28 15:33:24,611 - DEBUG - % received keepalive pong
2025-03-28 15:33:24,611 - DEBUG - < PONG 48 f2 4e 89 [binary, 4 bytes]
2025-03-28 15:33:24,611 - DEBUG - % received keepalive pong
2025-03-28 15:33:44,630 - DEBUG - % sending keepalive ping
2025-03-28 15:33:44,630 - DEBUG - > PING 64 aa 3a ad [binary, 4 bytes]
2025-03-28 15:33:44,630 - DEBUG - % sending keepalive ping
2025-03-28 15:33:44,631 - DEBUG - > PING "V\x7f'\x14" [text, 4 bytes]
2025-03-28 15:33:44,631 - DEBUG - < PONG 64 aa 3a ad [binary, 4 bytes]
2025-03-28 15:33:44,631 - DEBUG - < PONG "V\x7f'\x14" [text, 4 bytes]
2025-03-28 15:33:44,631 - DEBUG - % received keepalive pong
2025-03-28 15:33:44,631 - DEBUG - % received keepalive pong
2025-03-28 15:34:04,650 - DEBUG - % sending keepalive ping
2025-03-28 15:34:04,650 - DEBUG - > PING a6 02 55 a2 [binary, 4 bytes]
2025-03-28 15:34:04,651 - DEBUG - % sending keepalive ping
2025-03-28 15:34:04,651 - DEBUG - > PING b0 8b 5a 4b [binary, 4 bytes]
2025-03-28 15:34:04,651 - DEBUG - < PONG a6 02 55 a2 [binary, 4 bytes]
2025-03-28 15:34:04,651 - DEBUG - < PONG b0 8b 5a 4b [binary, 4 bytes]
2025-03-28 15:34:04,651 - DEBUG - % received keepalive pong
2025-03-28 15:34:04,651 - DEBUG - % received keepalive pong
2025-03-28 15:34:24,671 - DEBUG - % sending keepalive ping
2025-03-28 15:34:24,671 - DEBUG - > PING 85 72 34 00 [binary, 4 bytes]
2025-03-28 15:34:24,671 - DEBUG - % sending keepalive ping
2025-03-28 15:34:24,672 - DEBUG - > PING 95 2d 05 ce [binary, 4 bytes]
2025-03-28 15:34:24,672 - DEBUG - < PONG 85 72 34 00 [binary, 4 bytes]
2025-03-28 15:34:24,672 - DEBUG - < PONG 95 2d 05 ce [binary, 4 bytes]
2025-03-28 15:34:24,672 - DEBUG - % received keepalive pong
2025-03-28 15:34:24,672 - DEBUG - % received keepalive pong
2025-03-28 15:34:44,691 - DEBUG - % sending keepalive ping
2025-03-28 15:34:44,691 - DEBUG - > PING 3f 0f 80 82 [binary, 4 bytes]
2025-03-28 15:34:44,691 - DEBUG - % sending keepalive ping
2025-03-28 15:34:44,692 - DEBUG - > PING b3 e2 d0 9e [binary, 4 bytes]
2025-03-28 15:34:44,692 - DEBUG - < PONG 3f 0f 80 82 [binary, 4 bytes]
2025-03-28 15:34:44,692 - DEBUG - < PONG b3 e2 d0 9e [binary, 4 bytes]
2025-03-28 15:34:44,692 - DEBUG - % received keepalive pong
2025-03-28 15:34:44,692 - DEBUG - % received keepalive pong
2025-03-28 15:35:04,711 - DEBUG - % sending keepalive ping
2025-03-28 15:35:04,711 - DEBUG - > PING 29 20 93 a0 [binary, 4 bytes]
2025-03-28 15:35:04,711 - DEBUG - % sending keepalive ping
2025-03-28 15:35:04,711 - DEBUG - > PING 1f d4 45 01 [binary, 4 bytes]
2025-03-28 15:35:04,712 - DEBUG - < PONG 29 20 93 a0 [binary, 4 bytes]
2025-03-28 15:35:04,712 - DEBUG - < PONG 1f d4 45 01 [binary, 4 bytes]
2025-03-28 15:35:04,712 - DEBUG - % received keepalive pong
2025-03-28 15:35:04,712 - DEBUG - % received keepalive pong
2025-03-28 15:35:24,732 - DEBUG - % sending keepalive ping
2025-03-28 15:35:24,732 - DEBUG - > PING 'xVȼ' [text, 4 bytes]
2025-03-28 15:35:24,732 - DEBUG - % sending keepalive ping
2025-03-28 15:35:24,732 - DEBUG - > PING db 71 57 79 [binary, 4 bytes]
2025-03-28 15:35:24,732 - DEBUG - < PONG 'xVȼ' [text, 4 bytes]
2025-03-28 15:35:24,732 - DEBUG - < PONG db 71 57 79 [binary, 4 bytes]
2025-03-28 15:35:24,732 - DEBUG - % received keepalive pong
2025-03-28 15:35:24,733 - DEBUG - % received keepalive pong
2025-03-28 15:35:44,752 - DEBUG - % sending keepalive ping
2025-03-28 15:35:44,752 - DEBUG - > PING 0a 90 59 d4 [binary, 4 bytes]
2025-03-28 15:35:44,752 - DEBUG - % sending keepalive ping
2025-03-28 15:35:44,753 - DEBUG - > PING 33 f6 75 1e [binary, 4 bytes]
2025-03-28 15:35:44,753 - DEBUG - < PONG 0a 90 59 d4 [binary, 4 bytes]
2025-03-28 15:35:44,753 - DEBUG - < PONG 33 f6 75 1e [binary, 4 bytes]
2025-03-28 15:35:44,753 - DEBUG - % received keepalive pong
2025-03-28 15:35:44,753 - DEBUG - % received keepalive pong
2025-03-28 15:36:04,772 - DEBUG - % sending keepalive ping
2025-03-28 15:36:04,772 - DEBUG - > PING 29 e0 ca 72 [binary, 4 bytes]
2025-03-28 15:36:04,772 - DEBUG - % sending keepalive ping
2025-03-28 15:36:04,773 - DEBUG - > PING 7e 33 59 98 [binary, 4 bytes]
2025-03-28 15:36:04,773 - DEBUG - < PONG 29 e0 ca 72 [binary, 4 bytes]
2025-03-28 15:36:04,773 - DEBUG - < PONG 7e 33 59 98 [binary, 4 bytes]
2025-03-28 15:36:04,773 - DEBUG - % received keepalive pong
2025-03-28 15:36:04,773 - DEBUG - % received keepalive pong
